★ eas-cli@18.11.0 is now available.
To upgrade, run:
npm install -g eas-cli
Proceeding with outdated version.

Resolved "preview" environment for the build. Learn more: https://docs.expo.dev/eas/environment-variables/#setting-the-environment-for-your-builds
No environment variables with visibility "Plain text" and "Sensitive" found for the "preview" environment on EAS.
Environment variables loaded from the "preview" build profile "env" configuration: APP_VARIANT.



android.versionCode field in app config is ignored when version source is set to remote, but this value will still be in the manifest available via expo-constants. It's recommended to remove this value from app config.
✔ Using remote Android credentials (Expo server)
✔ Using Keystore from configuration: Build Credentials nQNYTEJTgc (default)

Compressing project files and uploading to EAS Build. Learn more: https://expo.fyi/eas-build-archive
- Compressing project files
Your project archive is 1019 MB. You can reduce its size and the time it takes to upload by excluding files that are unnecessary for the build process in .easignore file. Learn more: https://expo.fyi/eas-build-archive
- Uploading to EAS Build (0 / 1019 MB)
✔ Uploaded to EAS 1m 1s
- Computing project fingerprint
⌛️ Computing the project fingerprint is taking longer than expected...
⏩ To skip this step, set the environment variable: EAS_SKIP_AUTO_FINGERPRINT=1
✔ Computed project fingerprint

See logs: https://expo.dev/accounts/chandukcs/projects/amovi/builds/48fca087-b222-44c3-815f-e54a75ca60a9

Waiting for build to complete. You can press Ctrl+C to exit.
- Waiting for build to complete.
✔ Build finished

  ▄▄▄▄▄▄▄▄▄▄▄▄▄▄▄▄▄▄▄▄▄▄▄▄▄▄▄▄▄▄▄▄▄▄▄▄▄▄▄
  █ ▄▄▄▄▄ █▄▀▀▄▄▄██  ▀▀ ▀ █▄█ █▀█ ▄▄▄▄▄ █
  █ █   █ ███▄█   ▄ ▀ █▀ █▀  ▄▄██ █   █ █
  █ █▄▄▄█ ██▄▀▄▀█▀█ ▄▀▄▀ ▀▀▀▀▄█ █ █▄▄▄█ █
  █▄▄▄▄▄▄▄█ █ ▀▄▀▄█ █ ▀▄█▄▀▄▀▄█ █▄▄▄▄▄▄▄█
  █ ▄█ ▄▀▄██▄▄▄▀█  ▀▄▄▀▀██▀██▄ ▄█▄▀▀██▀▄█
  █▄▀█▀█▀▄▀█   ▀▄ ▄▄▀ ▀▀▄▄▄█▄  █▄▄▄▄▄ ▄▄█
  █ ▀▀  ▀▄██  ▄▄▀▀ █▀ ▄▀▀█▀▄█ ▀ █▄▄▀ ▀ ▄█
  █▀█▄██ ▄▀▀█  ▄▄█▄███▄▀▄▄███▄▄▀▀▄▀▄█▀▄ █
  ██▄ ▀ ▄▄▄██▀▀▀▄  █▀▄ █▀ █▄▄▀ █▀▄██ ▄▄▄█
  ██▄▄ █▄▄   █▄▀▀▀▄▀▄▀  ▄█▄▀  ▄▄▀█▄▀▀██ █
  █▄▄ ██▄▄▀██▀█▄██▀ ▄▄  █▀▀▄█▄▀▄ ▄▀  ▀ ▄█
  █▀█ ▀██▄▀██▄█▄█▄ █ ▀██▄ ▄█▄▄  █  ▄▀▀▀ █
  █  ▀▀▄ ▄▄▄▄ █▀▀▀  █▀▄▄█▀▀ █▀  █▄▄▀█▀▀▄█
  █ ▄█▀ ▀▄█▄ ▀█▀▄█▄█▄▄  █▄▀▀█▄ █▄█ ▀  ▄ █
  █▄█▄███▄█ ▀▄ ▄    ▀▄▀ ▀▀▄█ ██ ▄▄▄ █  ██
  █ ▄▄▄▄▄ ██ ▄▀▄ ▄▄██▄▄▄█▀▄▄▀ █ █▄█  ▄█▄█
  █ █   █ █ ▀▄▄▀ ▀ ▀   ██▄▀██  ▄  ▄▄ █ ▀█
  █ █▄▄▄█ █▀ ▀ ▀ █▄▀ ██▄▄ ▄▀█▀ ██▀▄ █ ▀ █
  █▄▄▄▄▄▄▄█▄▄█▄▄▄████▄███▄▄▄███▄▄▄██▄██▄█


🤖 Open this link on your Android devices (or scan the QR code) to install the app:
https://expo.dev/accounts/chandukcs/projects/amovi/builds/48fca087-b222-44c3-815f-e54a75ca60a9
